<?xml version="1.0" encoding="UTF-8"?>
<!-- Generated by org.testng.reporters.JUnitReportReporter -->
<testsuite hostname="DESKTOP-1519GIL" failures="0" tests="1" name="Project.tests.managebook" time="45.400" errors="0" timestamp="2023-05-03T17:25:17 IST" skipped="0">
  <testcase classname="Project.tests.managebook" name="manageBook" time="45.400"/>
  <system-out/>
</testsuite> <!-- Project.tests.managebook -->
