<?xml version="1.0" encoding="UTF-8"?>
<!-- Generated by org.testng.reporters.JUnitReportReporter -->
<testsuite hostname="DESKTOP-1519GIL" failures="0" tests="1" name="Project.pages.Roundtrip" time="0.052" errors="0" timestamp="2023-05-03T10:35:06 IST" skipped="0">
  <testcase classname="Project.pages.Roundtrip" name="Seat" time="0.052"/>
  <system-out/>
</testsuite> <!-- Project.pages.Roundtrip -->
