<?xml version="1.0" encoding="UTF-8"?>
<!-- Generated by org.testng.reporters.JUnitReportReporter -->
<testsuite hostname="DESKTOP-1519GIL" failures="0" tests="1" name="Project.tests.LoginPage" time="44.030" errors="0" timestamp="2023-05-02T14:30:50 IST" skipped="0">
  <testcase classname="Project.tests.LoginPage" name="loginpage" time="44.030"/>
  <system-out/>
</testsuite> <!-- Project.tests.LoginPage -->
