<?xml version="1.0" encoding="UTF-8"?>
<!-- Generated by org.testng.reporters.JUnitReportReporter -->
<testsuite hostname="DESKTOP-1519GIL" failures="0" tests="2" name="Project.tests.Passenger" time="67.968" errors="0" timestamp="2023-05-02T18:14:08 IST" skipped="0">
  <testcase classname="Project.tests.Passenger" name="detail" time="5.187"/>
  <system-out/>
  <testcase classname="Project.tests.Passenger" name="roundTrip" time="62.781"/>
  <system-out/>
</testsuite> <!-- Project.tests.Passenger -->
