<?xml version="1.0" encoding="UTF-8"?>
<!-- Generated by org.testng.reporters.JUnitReportReporter -->
<testsuite hostname="DESKTOP-1519GIL" failures="0" tests="1" name="Project.tests.RoundTrip" time="299.828" errors="0" timestamp="2023-05-03T13:41:52 IST" skipped="0">
  <testcase classname="Project.tests.RoundTrip" name="roundTrip" time="299.828"/>
  <system-out/>
</testsuite> <!-- Project.tests.RoundTrip -->
