<?xml version="1.0" encoding="UTF-8"?>
<!-- Generated by org.testng.reporters.JUnitReportReporter -->
<testsuite hostname="DESKTOP-1519GIL" failures="0" tests="1" name="Project.tests.booking1" time="183.047" errors="0" timestamp="2023-05-03T16:33:49 IST" skipped="0">
  <testcase classname="Project.tests.booking1" name="book" time="183.047"/>
  <system-out/>
</testsuite> <!-- Project.tests.booking1 -->
