<?xml version="1.0" encoding="UTF-8"?>
<!-- Generated by org.testng.reporters.JUnitReportReporter -->
<testsuite hostname="DESKTOP-1519GIL" failures="0" tests="1" name="Project.tests.Signup" time="81.972" errors="0" timestamp="2023-05-03T18:29:33 IST" skipped="0">
  <testcase classname="Project.tests.Signup" name="SignUp" time="81.972"/>
  <system-out/>
</testsuite> <!-- Project.tests.Signup -->
