<?xml version="1.0" encoding="UTF-8"?>
<!-- Generated by org.testng.reporters.JUnitReportReporter -->
<testsuite hostname="DESKTOP-1519GIL" failures="0" tests="1" name="Project.tests.OtherFunction" time="57.446" errors="0" timestamp="2023-05-03T17:44:08 IST" skipped="0">
  <testcase classname="Project.tests.OtherFunction" name="otherFunction" time="57.446"/>
  <system-out/>
</testsuite> <!-- Project.tests.OtherFunction -->
