<?xml version="1.0" encoding="UTF-8"?>
<!-- Generated by org.testng.reporters.JUnitReportReporter -->
<testsuite hostname="DESKTOP-1519GIL" failures="0" tests="1" name="Project.tests.oneway" time="39.055" errors="0" timestamp="2023-05-02T14:12:46 IST" skipped="0">
  <testcase classname="Project.tests.oneway" name="bookfirst" time="39.055"/>
  <system-out/>
</testsuite> <!-- Project.tests.oneway -->
